# JRE version: OpenJDK Runtime Environment Temurin-17.0.13+11 (17.0.13+11) (build 17.0.13+11)
# Java VM: OpenJDK 64-Bit Server VM Temurin-17.0.13+11 (17.0.13+11, mixed mode, tiered, compressed oops, compressed class ptrs, parallel gc, windows-amd64)
GC Precious Log:
 CPUs: 8 total, 8 available
 Memory: 16262M
 Large Page Support: Disabled
 NUMA Support: Disabled
 Compressed Oops: Enabled (32-bit)
 Alignments: Space 512K, Generation 512K, Heap 2M
 Heap Min Capacity: 100M
 Heap Initial Capacity: 100M
 Heap Max Capacity: 1G
 Pre-touch: Disabled
 Parallel Workers: 8
Heap:
 PSYoungGen      total 33792K, used 15283K [0x00000000eab00000, 0x00000000ede00000, 0x0000000100000000)
  eden space 22528K, 19% used [0x00000000eab00000,0x00000000eafa84b8,0x00000000ec100000)
  from space 11264K, 95% used [0x00000000ec100000,0x00000000ecb8c290,0x00000000ecc00000)
  to   space 14848K, 0% used [0x00000000ecf80000,0x00000000ecf80000,0x00000000ede00000)
 ParOldGen       total 303104K, used 287076K [0x00000000c0000000, 0x00000000d2800000, 0x00000000eab00000)
  object space 303104K, 94% used [0x00000000c0000000,0x00000000d18590e0,0x00000000d2800000)
 Metaspace       used 64160K, committed 65344K, reserved 1114112K
  class space    used 6760K, committed 7232K, reserved 1048576K
GC Heap History (20 events):
Event: 23.902 GC heap before
{Heap before GC invocations=220 (full 9):
 PSYoungGen      total 30720K, used 30684K [0x00000000eab00000, 0x00000000ee480000, 0x0000000100000000)
  eden space 20992K, 99% used [0x00000000eab00000,0x00000000ebf79d98,0x00000000ebf80000)
  from space 9728K, 99% used [0x00000000ec100000,0x00000000eca7d580,0x00000000eca80000)
  to   space 18944K, 0% used [0x00000000ed200000,0x00000000ed200000,0x00000000ee480000)
 ParOldGen       total 252928K, used 242171K [0x00000000c0000000, 0x00000000cf700000, 0x00000000eab00000)
  object space 252928K, 95% used [0x00000000c0000000,0x00000000cec7ec18,0x00000000cf700000)
 Metaspace       used 59195K, committed 60352K, reserved 1114112K
  class space    used 6364K, committed 6848K, reserved 1048576K
}
Event: 23.922 GC heap after
{Heap after GC invocations=220 (full 9):
 PSYoungGen      total 37376K, used 16334K [0x00000000eab00000, 0x00000000ee200000, 0x0000000100000000)
  eden space 20992K, 0% used [0x00000000eab00000,0x00000000eab00000,0x00000000ebf80000)
  from space 16384K, 99% used [0x00000000ed200000,0x00000000ee1f3b28,0x00000000ee200000)
  to   space 16896K, 0% used [0x00000000ec100000,0x00000000ec100000,0x00000000ed180000)
 ParOldGen       total 252928K, used 243896K [0x00000000c0000000, 0x00000000cf700000, 0x00000000eab00000)
  object space 252928K, 96% used [0x00000000c0000000,0x00000000cee2e280,0x00000000cf700000)
 Metaspace       used 59195K, committed 60352K, reserved 1114112K
  class space    used 6364K, committed 6848K, reserved 1048576K
}
Event: 24.140 GC heap before
{Heap before GC invocations=221 (full 9):
 PSYoungGen      total 37376K, used 37313K [0x00000000eab00000, 0x00000000ee200000, 0x0000000100000000)
  eden space 20992K, 99% used [0x00000000eab00000,0x00000000ebf7cb90,0x00000000ebf80000)
  from space 16384K, 99% used [0x00000000ed200000,0x00000000ee1f3b28,0x00000000ee200000)
  to   space 16896K, 0% used [0x00000000ec100000,0x00000000ec100000,0x00000000ed180000)
 ParOldGen       total 252928K, used 243896K [0x00000000c0000000, 0x00000000cf700000, 0x00000000eab00000)
  object space 252928K, 96% used [0x00000000c0000000,0x00000000cee2e280,0x00000000cf700000)
 Metaspace       used 59703K, committed 60864K, reserved 1114112K
  class space    used 6410K, committed 6912K, reserved 1048576K
}
Event: 24.157 GC heap after
{Heap after GC invocations=221 (full 9):
 PSYoungGen      total 39424K, used 16891K [0x00000000eab00000, 0x00000000ef500000, 0x0000000100000000)
  eden space 22528K, 0% used [0x00000000eab00000,0x00000000eab00000,0x00000000ec100000)
  from space 16896K, 99% used [0x00000000ec100000,0x00000000ed17ef88,0x00000000ed180000)
  to   space 26624K, 0% used [0x00000000edb00000,0x00000000edb00000,0x00000000ef500000)
 ParOldGen       total 252928K, used 252062K [0x00000000c0000000, 0x00000000cf700000, 0x00000000eab00000)
  object space 252928K, 99% used [0x00000000c0000000,0x00000000cf6279a0,0x00000000cf700000)
 Metaspace       used 59703K, committed 60864K, reserved 1114112K
  class space    used 6410K, committed 6912K, reserved 1048576K
}
Event: 24.629 GC heap before
{Heap before GC invocations=222 (full 10):
 PSYoungGen      total 39424K, used 39419K [0x00000000eab00000, 0x00000000ef500000, 0x0000000100000000)
  eden space 22528K, 100% used [0x00000000eab00000,0x00000000ec100000,0x00000000ec100000)
  from space 16896K, 99% used [0x00000000ec100000,0x00000000ed17ef88,0x00000000ed180000)
  to   space 26624K, 0% used [0x00000000edb00000,0x00000000edb00000,0x00000000ef500000)
 ParOldGen       total 252928K, used 252062K [0x00000000c0000000, 0x00000000cf700000, 0x00000000eab00000)
  object space 252928K, 99% used [0x00000000c0000000,0x00000000cf6279a0,0x00000000cf700000)
 Metaspace       used 60722K, committed 61824K, reserved 1114112K
  class space    used 6478K, committed 6976K, reserved 1048576K
}
Event: 25.002 GC heap after
{Heap after GC invocations=222 (full 10):
 PSYoungGen      total 49152K, used 19290K [0x00000000eab00000, 0x00000000ef680000, 0x0000000100000000)
  eden space 22528K, 85% used [0x00000000eab00000,0x00000000ebdd6878,0x00000000ec100000)
  from space 26624K, 0% used [0x00000000edb00000,0x00000000edb00000,0x00000000ef500000)
  to   space 16896K, 0% used [0x00000000ec100000,0x00000000ec100000,0x00000000ed180000)
 ParOldGen       total 303104K, used 252848K [0x00000000c0000000, 0x00000000d2800000, 0x00000000eab00000)
  object space 303104K, 83% used [0x00000000c0000000,0x00000000cf6ec358,0x00000000d2800000)
 Metaspace       used 60722K, committed 61824K, reserved 1114112K
  class space    used 6478K, committed 6976K, reserved 1048576K
}
Event: 25.048 GC heap before
{Heap before GC invocations=223 (full 10):
 PSYoungGen      total 49152K, used 22528K [0x00000000eab00000, 0x00000000ef680000, 0x0000000100000000)
  eden space 22528K, 100% used [0x00000000eab00000,0x00000000ec100000,0x00000000ec100000)
  from space 26624K, 0% used [0x00000000edb00000,0x00000000edb00000,0x00000000ef500000)
  to   space 16896K, 0% used [0x00000000ec100000,0x00000000ec100000,0x00000000ed180000)
 ParOldGen       total 303104K, used 252848K [0x00000000c0000000, 0x00000000d2800000, 0x00000000eab00000)
  object space 303104K, 83% used [0x00000000c0000000,0x00000000cf6ec358,0x00000000d2800000)
 Metaspace       used 60795K, committed 61952K, reserved 1114112K
  class space    used 6484K, committed 6976K, reserved 1048576K
}
Event: 25.073 GC heap after
{Heap after GC invocations=223 (full 10):
 PSYoungGen      total 39424K, used 16864K [0x00000000eab00000, 0x00000000eed00000, 0x0000000100000000)
  eden space 22528K, 0% used [0x00000000eab00000,0x00000000eab00000,0x00000000ec100000)
  from space 16896K, 99% used [0x00000000ec100000,0x00000000ed1781e0,0x00000000ed180000)
  to   space 22528K, 0% used [0x00000000ed700000,0x00000000ed700000,0x00000000eed00000)
 ParOldGen       total 303104K, used 256808K [0x00000000c0000000, 0x00000000d2800000, 0x00000000eab00000)
  object space 303104K, 84% used [0x00000000c0000000,0x00000000cfaca378,0x00000000d2800000)
 Metaspace       used 60795K, committed 61952K, reserved 1114112K
  class space    used 6484K, committed 6976K, reserved 1048576K
}
Event: 25.346 GC heap before
{Heap before GC invocations=224 (full 10):
 PSYoungGen      total 39424K, used 39392K [0x00000000eab00000, 0x00000000eed00000, 0x0000000100000000)
  eden space 22528K, 100% used [0x00000000eab00000,0x00000000ec100000,0x00000000ec100000)
  from space 16896K, 99% used [0x00000000ec100000,0x00000000ed1781e0,0x00000000ed180000)
  to   space 22528K, 0% used [0x00000000ed700000,0x00000000ed700000,0x00000000eed00000)
 ParOldGen       total 303104K, used 256808K [0x00000000c0000000, 0x00000000d2800000, 0x00000000eab00000)
  object space 303104K, 84% used [0x00000000c0000000,0x00000000cfaca378,0x00000000d2800000)
 Metaspace       used 61035K, committed 62144K, reserved 1114112K
  class space    used 6499K, committed 6976K, reserved 1048576K
}
Event: 25.366 GC heap after
{Heap after GC invocations=224 (full 10):
 PSYoungGen      total 43008K, used 20194K [0x00000000eab00000, 0x00000000eeb00000, 0x0000000100000000)
  eden space 22528K, 0% used [0x00000000eab00000,0x00000000eab00000,0x00000000ec100000)
  from space 20480K, 98% used [0x00000000ed700000,0x00000000eeab8af8,0x00000000eeb00000)
  to   space 20992K, 0% used [0x00000000ec200000,0x00000000ec200000,0x00000000ed680000)
 ParOldGen       total 303104K, used 259931K [0x00000000c0000000, 0x00000000d2800000, 0x00000000eab00000)
  object space 303104K, 85% used [0x00000000c0000000,0x00000000cfdd6cc0,0x00000000d2800000)
 Metaspace       used 61035K, committed 62144K, reserved 1114112K
  class space    used 6499K, committed 6976K, reserved 1048576K
}
Event: 25.703 GC heap before
{Heap before GC invocations=225 (full 10):
 PSYoungGen      total 43008K, used 42722K [0x00000000eab00000, 0x00000000eeb00000, 0x0000000100000000)
  eden space 22528K, 100% used [0x00000000eab00000,0x00000000ec100000,0x00000000ec100000)
  from space 20480K, 98% used [0x00000000ed700000,0x00000000eeab8af8,0x00000000eeb00000)
  to   space 20992K, 0% used [0x00000000ec200000,0x00000000ec200000,0x00000000ed680000)
 ParOldGen       total 303104K, used 259931K [0x00000000c0000000, 0x00000000d2800000, 0x00000000eab00000)
  object space 303104K, 85% used [0x00000000c0000000,0x00000000cfdd6cc0,0x00000000d2800000)
 Metaspace       used 61181K, committed 62272K, reserved 1114112K
  class space    used 6505K, committed 6976K, reserved 1048576K
}
Event: 25.725 GC heap after
{Heap after GC invocations=225 (full 10):
 PSYoungGen      total 43520K, used 20979K [0x00000000eab00000, 0x00000000ef600000, 0x0000000100000000)
  eden space 22528K, 0% used [0x00000000eab00000,0x00000000eab00000,0x00000000ec100000)
  from space 20992K, 99% used [0x00000000ec200000,0x00000000ed67cd88,0x00000000ed680000)
  to   space 27136K, 0% used [0x00000000edb80000,0x00000000edb80000,0x00000000ef600000)
 ParOldGen       total 303104K, used 264989K [0x00000000c0000000, 0x00000000d2800000, 0x00000000eab00000)
  object space 303104K, 87% used [0x00000000c0000000,0x00000000d02c76c8,0x00000000d2800000)
 Metaspace       used 61181K, committed 62272K, reserved 1114112K
  class space    used 6505K, committed 6976K, reserved 1048576K
}
Event: 26.392 GC heap before
{Heap before GC invocations=226 (full 10):
 PSYoungGen      total 43520K, used 43507K [0x00000000eab00000, 0x00000000ef600000, 0x0000000100000000)
  eden space 22528K, 100% used [0x00000000eab00000,0x00000000ec100000,0x00000000ec100000)
  from space 20992K, 99% used [0x00000000ec200000,0x00000000ed67cd88,0x00000000ed680000)
  to   space 27136K, 0% used [0x00000000edb80000,0x00000000edb80000,0x00000000ef600000)
 ParOldGen       total 303104K, used 264989K [0x00000000c0000000, 0x00000000d2800000, 0x00000000eab00000)
  object space 303104K, 87% used [0x00000000c0000000,0x00000000d02c76c8,0x00000000d2800000)
 Metaspace       used 61916K, committed 63040K, reserved 1114112K
  class space    used 6566K, committed 7040K, reserved 1048576K
}
Event: 26.414 GC heap after
{Heap after GC invocations=226 (full 10):
 PSYoungGen      total 39936K, used 17321K [0x00000000eab00000, 0x00000000eec80000, 0x0000000100000000)
  eden space 22528K, 0% used [0x00000000eab00000,0x00000000eab00000,0x00000000ec100000)
  from space 17408K, 99% used [0x00000000edb80000,0x00000000eec6a698,0x00000000eec80000)
  to   space 20992K, 0% used [0x00000000ec380000,0x00000000ec380000,0x00000000ed800000)
 ParOldGen       total 303104K, used 275508K [0x00000000c0000000, 0x00000000d2800000, 0x00000000eab00000)
  object space 303104K, 90% used [0x00000000c0000000,0x00000000d0d0d148,0x00000000d2800000)
 Metaspace       used 61916K, committed 63040K, reserved 1114112K
  class space    used 6566K, committed 7040K, reserved 1048576K
}
Event: 26.998 GC heap before
{Heap before GC invocations=227 (full 10):
 PSYoungGen      total 39936K, used 39849K [0x00000000eab00000, 0x00000000eec80000, 0x0000000100000000)
  eden space 22528K, 100% used [0x00000000eab00000,0x00000000ec100000,0x00000000ec100000)
  from space 17408K, 99% used [0x00000000edb80000,0x00000000eec6a698,0x00000000eec80000)
  to   space 20992K, 0% used [0x00000000ec380000,0x00000000ec380000,0x00000000ed800000)
 ParOldGen       total 303104K, used 275508K [0x00000000c0000000, 0x00000000d2800000, 0x00000000eab00000)
  object space 303104K, 90% used [0x00000000c0000000,0x00000000d0d0d148,0x00000000d2800000)
 Metaspace       used 62470K, committed 63616K, reserved 1114112K
  class space    used 6577K, committed 7040K, reserved 1048576K
}
Event: 27.016 GC heap after
{Heap after GC invocations=227 (full 10):
 PSYoungGen      total 41984K, used 19237K [0x00000000eab00000, 0x00000000ee800000, 0x0000000100000000)
  eden space 22528K, 0% used [0x00000000eab00000,0x00000000eab00000,0x00000000ec100000)
  from space 19456K, 98% used [0x00000000ec380000,0x00000000ed649788,0x00000000ed680000)
  to   space 17920K, 0% used [0x00000000ed680000,0x00000000ed680000,0x00000000ee800000)
 ParOldGen       total 303104K, used 275516K [0x00000000c0000000, 0x00000000d2800000, 0x00000000eab00000)
  object space 303104K, 90% used [0x00000000c0000000,0x00000000d0d0f148,0x00000000d2800000)
 Metaspace       used 62470K, committed 63616K, reserved 1114112K
  class space    used 6577K, committed 7040K, reserved 1048576K
}
Event: 27.490 GC heap before
{Heap before GC invocations=228 (full 10):
 PSYoungGen      total 41984K, used 41765K [0x00000000eab00000, 0x00000000ee800000, 0x0000000100000000)
  eden space 22528K, 100% used [0x00000000eab00000,0x00000000ec100000,0x00000000ec100000)
  from space 19456K, 98% used [0x00000000ec380000,0x00000000ed649788,0x00000000ed680000)
  to   space 17920K, 0% used [0x00000000ed680000,0x00000000ed680000,0x00000000ee800000)
 ParOldGen       total 303104K, used 275516K [0x00000000c0000000, 0x00000000d2800000, 0x00000000eab00000)
  object space 303104K, 90% used [0x00000000c0000000,0x00000000d0d0f148,0x00000000d2800000)
 Metaspace       used 63475K, committed 64640K, reserved 1114112K
  class space    used 6700K, committed 7168K, reserved 1048576K
}
Event: 27.509 GC heap after
{Heap after GC invocations=228 (full 10):
 PSYoungGen      total 40448K, used 17902K [0x00000000eab00000, 0x00000000eeb00000, 0x0000000100000000)
  eden space 22528K, 0% used [0x00000000eab00000,0x00000000eab00000,0x00000000ec100000)
  from space 17920K, 99% used [0x00000000ed680000,0x00000000ee7fbb90,0x00000000ee800000)
  to   space 21504K, 0% used [0x00000000ec100000,0x00000000ec100000,0x00000000ed600000)
 ParOldGen       total 303104K, used 278310K [0x00000000c0000000, 0x00000000d2800000, 0x00000000eab00000)
  object space 303104K, 91% used [0x00000000c0000000,0x00000000d0fc9b00,0x00000000d2800000)
 Metaspace       used 63475K, committed 64640K, reserved 1114112K
  class space    used 6700K, committed 7168K, reserved 1048576K
}
Event: 27.702 GC heap before
{Heap before GC invocations=229 (full 10):
 PSYoungGen      total 40448K, used 40430K [0x00000000eab00000, 0x00000000eeb00000, 0x0000000100000000)
  eden space 22528K, 100% used [0x00000000eab00000,0x00000000ec100000,0x00000000ec100000)
  from space 17920K, 99% used [0x00000000ed680000,0x00000000ee7fbb90,0x00000000ee800000)
  to   space 21504K, 0% used [0x00000000ec100000,0x00000000ec100000,0x00000000ed600000)
 ParOldGen       total 303104K, used 278310K [0x00000000c0000000, 0x00000000d2800000, 0x00000000eab00000)
  object space 303104K, 91% used [0x00000000c0000000,0x00000000d0fc9b00,0x00000000d2800000)
 Metaspace       used 63501K, committed 64640K, reserved 1114112K
  class space    used 6700K, committed 7168K, reserved 1048576K
}
Event: 27.723 GC heap after
{Heap after GC invocations=229 (full 10):
 PSYoungGen      total 33792K, used 10800K [0x00000000eab00000, 0x00000000ede00000, 0x0000000100000000)
  eden space 22528K, 0% used [0x00000000eab00000,0x00000000eab00000,0x00000000ec100000)
  from space 11264K, 95% used [0x00000000ec100000,0x00000000ecb8c290,0x00000000ecc00000)
  to   space 14848K, 0% used [0x00000000ecf80000,0x00000000ecf80000,0x00000000ede00000)
 ParOldGen       total 303104K, used 287076K [0x00000000c0000000, 0x00000000d2800000, 0x00000000eab00000)
  object space 303104K, 94% used [0x00000000c0000000,0x00000000d18590e0,0x00000000d2800000)
 Metaspace       used 63501K, committed 64640K, reserved 1114112K
  class space    used 6700K, committed 7168K, reserved 1048576K
}

